<?xml version="1.0" encoding="UTF-8"?>
<!-- Generated by org.testng.reporters.JUnitXMLReporter -->
<testsuite ignored="0" hostname="LAPTOP-F5C4QKDE" failures="0" tests="3" name="Default test" time="0.286" errors="0" timestamp="2022-03-01T10:42:28 IST">
  <testcase classname="com.ictacademyofficial.pages.usrAdminDashboard" name="@BeforeTest loginsetup" time="0.169">
    <failure type="org.openqa.selenium.WebDriverException" message="Cannot find firefox binary in PATH. Make sure firefox is installed. OS appears to be: WIN10
Build info: version: &amp;apos;3.141.59&amp;apos;, revision: &amp;apos;e82be7d358&amp;apos;, time: &amp;apos;2018-11-14T08:17:03&amp;apos;
System info: host: &amp;apos;LAPTOP-F5C4QKDE&amp;apos;, ip: &amp;apos;192.168.1.105&amp;apos;, os.name: &amp;apos;Windows 10&amp;apos;, os.arch: &amp;apos;amd64&amp;apos;, os.version: &amp;apos;10.0&amp;apos;, java.version: &amp;apos;16.0.1&amp;apos;
Driver info: driver.version: FirefoxDriver">
      <![CDATA[org.openqa.selenium.WebDriverException: Cannot find firefox binary in PATH. Make sure firefox is installed. OS appears to be: WIN10
Build info: version: '3.141.59', revision: 'e82be7d358', time: '2018-11-14T08:17:03'
System info: host: 'LAPTOP-F5C4QKDE', ip: '192.168.1.105', os.name: 'Windows 10', os.arch: 'amd64', os.version: '10.0', java.version: '16.0.1'
Driver info: driver.version: FirefoxDriver
at org.openqa.selenium.firefox.FirefoxBinary.<init>(FirefoxBinary.java:100)
at java.base/java.util.Optional.orElseGet(Optional.java:364)
at org.openqa.selenium.firefox.FirefoxOptions.getBinary(FirefoxOptions.java:216)
at org.openqa.selenium.firefox.FirefoxDriver.toExecutor(FirefoxDriver.java:187)
at org.openqa.selenium.firefox.FirefoxDriver.<init>(FirefoxDriver.java:147)
at org.openqa.selenium.firefox.FirefoxDriver.<init>(FirefoxDriver.java:125)
at com.ictacademyofficial.scripts.TestBase.onSetup(TestBase.java:69)
at com.ictacademyofficial.scripts.UserLogin.browserSetup(UserLogin.java:16)
at com.ictacademyofficial.scripts.UserLogin.login(UserLogin.java:21)
at com.ictacademyofficial.pages.usrAdminDashboard.loginsetup(usrAdminDashboard.java:55)
at java.base/jdk.internal.reflect.NativeMethodAccessorImpl.invoke0(Native Method)
at java.base/jdk.internal.reflect.NativeMethodAccessorImpl.invoke(NativeMethodAccessorImpl.java:78)
at java.base/jdk.internal.reflect.DelegatingMethodAccessorImpl.invoke(DelegatingMethodAccessorImpl.java:43)
at java.base/java.lang.reflect.Method.invoke(Method.java:567)
at org.testng.internal.MethodInvocationHelper.invokeMethod(MethodInvocationHelper.java:133)
at org.testng.internal.MethodInvocationHelper.invokeMethodConsideringTimeout(MethodInvocationHelper.java:62)
at org.testng.internal.ConfigInvoker.invokeConfigurationMethod(ConfigInvoker.java:385)
at org.testng.internal.ConfigInvoker.invokeConfigurations(ConfigInvoker.java:321)
at org.testng.TestRunner.invokeTestConfigurations(TestRunner.java:637)
at org.testng.TestRunner.beforeRun(TestRunner.java:627)
at org.testng.TestRunner.run(TestRunner.java:589)
at org.testng.SuiteRunner.runTest(SuiteRunner.java:377)
at org.testng.SuiteRunner.runSequentially(SuiteRunner.java:371)
at org.testng.SuiteRunner.privateRun(SuiteRunner.java:332)
at org.testng.SuiteRunner.run(SuiteRunner.java:276)
at org.testng.SuiteRunnerWorker.runSuite(SuiteRunnerWorker.java:53)
at org.testng.SuiteRunnerWorker.run(SuiteRunnerWorker.java:96)
at org.testng.TestNG.runSuitesSequentially(TestNG.java:1212)
at org.testng.TestNG.runSuitesLocally(TestNG.java:1134)
at org.testng.TestNG.runSuites(TestNG.java:1063)
at org.testng.TestNG.run(TestNG.java:1031)
at org.testng.remote.AbstractRemoteTestNG.run(AbstractRemoteTestNG.java:115)
at org.testng.remote.RemoteTestNG.initAndRun(RemoteTestNG.java:251)
at org.testng.remote.RemoteTestNG.main(RemoteTestNG.java:77)
]]>
    </failure>
  </testcase> <!-- @BeforeTest loginsetup -->
  <testcase classname="com.ictacademyofficial.pages.usrAdminDashboard" name="@AfterMethod screenshot" time="-1.646111548013E9">
    <skipped/>
  </testcase> <!-- @AfterMethod screenshot -->
  <testcase classname="com.ictacademyofficial.pages.usrAdminDashboard" name="@AfterMethod screenshot" time="-1.64611154803E9">
    <skipped/>
  </testcase> <!-- @AfterMethod screenshot -->
  <testcase classname="com.ictacademyofficial.pages.usrAdminDashboard" name="@AfterMethod screenshot" time="-1.646111548037E9">
    <skipped/>
  </testcase> <!-- @AfterMethod screenshot -->
  <testcase classname="com.ictacademyofficial.pages.usrAdminDashboard" name="@AfterTest quitBrowser" time="-1.646111548038E9">
    <skipped/>
  </testcase> <!-- @AfterTest quitBrowser -->
  <testcase classname="com.ictacademyofficial.pages.usrAdminDashboard" name="Dashboard" time="0.0">
    <skipped/>
  </testcase> <!-- Dashboard -->
  <testcase classname="com.ictacademyofficial.pages.usrAdminDashboard" name="addTask" time="0.0">
    <skipped/>
  </testcase> <!-- addTask -->
  <testcase classname="com.ictacademyofficial.pages.usrAdminDashboard" name="pieChart" time="0.0">
    <skipped/>
  </testcase> <!-- pieChart -->
</testsuite> <!-- Default test -->
