<?xml version="1.0" encoding="UTF-8"?>
<testng-results ignored="0" total="1" passed="1" failed="0" skipped="0">
  <reporter-output>
  </reporter-output>
  <suite started-at="2022-03-01T23:07:25 IST" name="Default suite" finished-at="2022-03-01T23:07:54 IST" duration-ms="28902">
    <groups>
    </groups>
    <test started-at="2022-03-01T23:07:25 IST" name="Default test" finished-at="2022-03-01T23:07:54 IST" duration-ms="28902">
      <class name="ictacademyofficial.Pages.usrAdminCourses">
        <test-method is-config="true" signature="login()[pri:0, instance:ictacademyofficial.Pages.usrAdminCourses@5403f35f]" started-at="2022-03-01T23:07:25 IST" name="login" finished-at="2022-03-01T23:07:38 IST" duration-ms="13326" status="PASS">
          <reporter-output>
          </reporter-output>
        </test-method> <!-- login -->
        <test-method signature="courses()[pri:0, instance:ictacademyofficial.Pages.usrAdminCourses@5403f35f]" started-at="2022-03-01T23:07:38 IST" name="courses" finished-at="2022-03-01T23:07:43 IST" duration-ms="4485" status="PASS">
          <reporter-output>
          </reporter-output>
        </test-method> <!-- courses -->
        <test-method is-config="true" signature="quitBrowser()[pri:0, instance:ictacademyofficial.Pages.usrAdminCourses@5403f35f]" started-at="2022-03-01T23:07:43 IST" name="quitBrowser" finished-at="2022-03-01T23:07:54 IST" duration-ms="11028" status="PASS">
          <reporter-output>
          </reporter-output>
        </test-method> <!-- quitBrowser -->
      </class> <!-- ictacademyofficial.Pages.usrAdminCourses -->
    </test> <!-- Default test -->
  </suite> <!-- Default suite -->
</testng-results>
