<?xml version="1.0" encoding="UTF-8"?>
<testng-results ignored="0" total="1" passed="1" failed="0" skipped="0">
  <reporter-output>
  </reporter-output>
  <suite started-at="2022-03-02T11:32:56 IST" name="Default suite" finished-at="2022-03-02T11:33:24 IST" duration-ms="28258">
    <groups>
    </groups>
    <test started-at="2022-03-02T11:32:56 IST" name="Default test" finished-at="2022-03-02T11:33:24 IST" duration-ms="28258">
      <class name="adminSection.Pages.SuperAdminCourses">
        <test-method is-config="true" signature="login()[pri:0, instance:adminSection.Pages.SuperAdminCourses@5403f35f]" started-at="2022-03-02T11:32:56 IST" name="login" finished-at="2022-03-02T11:33:08 IST" duration-ms="12438" status="PASS">
          <reporter-output>
          </reporter-output>
        </test-method> <!-- login -->
        <test-method signature="courses()[pri:0, instance:adminSection.Pages.SuperAdminCourses@5403f35f]" started-at="2022-03-02T11:33:08 IST" name="courses" finished-at="2022-03-02T11:33:13 IST" duration-ms="4742" status="PASS">
          <reporter-output>
          </reporter-output>
        </test-method> <!-- courses -->
        <test-method is-config="true" signature="quitBrowser()[pri:0, instance:adminSection.Pages.SuperAdminCourses@5403f35f]" started-at="2022-03-02T11:33:13 IST" name="quitBrowser" finished-at="2022-03-02T11:33:24 IST" duration-ms="11016" status="PASS">
          <reporter-output>
          </reporter-output>
        </test-method> <!-- quitBrowser -->
      </class> <!-- adminSection.Pages.SuperAdminCourses -->
    </test> <!-- Default test -->
  </suite> <!-- Default suite -->
</testng-results>
