<?xml version="1.0" encoding="UTF-8"?>
<testng-results ignored="0" total="2" passed="2" failed="0" skipped="0">
  <reporter-output>
  </reporter-output>
  <suite started-at="2022-03-03T20:28:29 IST" name="Default suite" finished-at="2022-03-03T20:28:40 IST" duration-ms="11211">
    <groups>
    </groups>
    <test started-at="2022-03-03T20:28:29 IST" name="Default test" finished-at="2022-03-03T20:28:40 IST" duration-ms="11211">
      <class name="frontSection.Pages.HomePage">
        <test-method is-config="true" signature="startBrowser()[pri:0, instance:frontSection.Pages.HomePage@662b4c69]" started-at="2022-03-03T20:28:29 IST" name="startBrowser" finished-at="2022-03-03T20:28:33 IST" duration-ms="4146" status="PASS">
          <reporter-output>
          </reporter-output>
        </test-method> <!-- startBrowser -->
        <test-method signature="_testKnowMoreButton()[pri:0, instance:frontSection.Pages.HomePage@662b4c69]" started-at="2022-03-03T20:28:33 IST" name="_testKnowMoreButton" finished-at="2022-03-03T20:28:37 IST" duration-ms="3453" status="PASS">
          <reporter-output>
          </reporter-output>
        </test-method> <!-- _testKnowMoreButton -->
        <test-method signature="testCareersButton()[pri:0, instance:frontSection.Pages.HomePage@662b4c69]" started-at="2022-03-03T20:28:37 IST" name="testCareersButton" finished-at="2022-03-03T20:28:40 IST" duration-ms="3570" status="PASS">
          <reporter-output>
          </reporter-output>
        </test-method> <!-- testCareersButton -->
      </class> <!-- frontSection.Pages.HomePage -->
    </test> <!-- Default test -->
  </suite> <!-- Default suite -->
</testng-results>
