<?xml version="1.0" encoding="UTF-8"?>
<testng-results ignored="0" total="3" passed="2" failed="1" skipped="0">
  <reporter-output>
  </reporter-output>
  <suite started-at="2022-03-01T13:08:02 IST" name="Default suite" finished-at="2022-03-01T13:08:39 IST" duration-ms="37068">
    <groups>
    </groups>
    <test started-at="2022-03-01T13:08:02 IST" name="Default test" finished-at="2022-03-01T13:08:39 IST" duration-ms="37068">
      <class name="ictacademyofficial.Pages.usrAdminDashboard">
        <test-method is-config="true" signature="loginsetup()[pri:0, instance:ictacademyofficial.Pages.usrAdminDashboard@581ac8a8]" started-at="2022-03-01T13:08:02 IST" name="loginsetup" finished-at="2022-03-01T13:08:17 IST" duration-ms="15023" status="PASS">
          <reporter-output>
          </reporter-output>
        </test-method> <!-- loginsetup -->
        <test-method signature="Dashboard()[pri:1, instance:ictacademyofficial.Pages.usrAdminDashboard@581ac8a8]" started-at="2022-03-01T13:08:17 IST" name="Dashboard" finished-at="2022-03-01T13:08:25 IST" duration-ms="8120" status="PASS">
          <reporter-output>
          </reporter-output>
        </test-method> <!-- Dashboard -->
        <test-method is-config="true" signature="screenshot(org.testng.ITestResult)[pri:0, instance:ictacademyofficial.Pages.usrAdminDashboard@581ac8a8]" started-at="2022-03-01T13:08:25 IST" name="screenshot" finished-at="2022-03-01T13:08:25 IST" duration-ms="7" status="PASS">
          <params>
            <param index="0">
              <value>
                <![CDATA[[TestResult name=Dashboard status=SUCCESS method=usrAdminDashboard.Dashboard()[pri:1, instance:ictacademyofficial.Pages.usrAdminDashboard@581ac8a8] output={null}]]]>
              </value>
            </param>
          </params>
          <reporter-output>
          </reporter-output>
        </test-method> <!-- screenshot -->
        <test-method signature="addTask()[pri:2, instance:ictacademyofficial.Pages.usrAdminDashboard@581ac8a8]" started-at="2022-03-01T13:08:25 IST" name="addTask" finished-at="2022-03-01T13:08:28 IST" duration-ms="2585" status="PASS">
          <reporter-output>
          </reporter-output>
        </test-method> <!-- addTask -->
        <test-method is-config="true" signature="screenshot(org.testng.ITestResult)[pri:0, instance:ictacademyofficial.Pages.usrAdminDashboard@581ac8a8]" started-at="2022-03-01T13:08:28 IST" name="screenshot" finished-at="2022-03-01T13:08:28 IST" duration-ms="2" status="PASS">
          <params>
            <param index="0">
              <value>
                <![CDATA[[TestResult name=addTask status=SUCCESS method=usrAdminDashboard.addTask()[pri:2, instance:ictacademyofficial.Pages.usrAdminDashboard@581ac8a8] output={null}]]]>
              </value>
            </param>
          </params>
          <reporter-output>
          </reporter-output>
        </test-method> <!-- screenshot -->
        <test-method signature="pieChartVisiblity()[pri:3, instance:ictacademyofficial.Pages.usrAdminDashboard@581ac8a8]" started-at="2022-03-01T13:08:28 IST" name="pieChartVisiblity" finished-at="2022-03-01T13:08:28 IST" duration-ms="29" status="FAIL">
          <exception class="java.lang.AssertionError">
            <message>
              <![CDATA[expected [400] but found [300]]]>
            </message>
            <full-stacktrace>
              <![CDATA[java.lang.AssertionError: expected [400] but found [300]
at org.testng.Assert.fail(Assert.java:99)
at org.testng.Assert.failNotEquals(Assert.java:1037)
at org.testng.Assert.assertEqualsImpl(Assert.java:140)
at org.testng.Assert.assertEquals(Assert.java:122)
at org.testng.Assert.assertEquals(Assert.java:907)
at org.testng.Assert.assertEquals(Assert.java:917)
at ictacademyofficial.Pages.usrAdminDashboard.pieChartVisiblity(usrAdminDashboard.java:89)
at java.base/jdk.internal.reflect.NativeMethodAccessorImpl.invoke0(Native Method)
at java.base/jdk.internal.reflect.NativeMethodAccessorImpl.invoke(NativeMethodAccessorImpl.java:62)
at java.base/jdk.internal.reflect.DelegatingMethodAccessorImpl.invoke(DelegatingMethodAccessorImpl.java:43)
at java.base/java.lang.reflect.Method.invoke(Method.java:566)
at org.testng.internal.MethodInvocationHelper.invokeMethod(MethodInvocationHelper.java:133)
at org.testng.internal.TestInvoker.invokeMethod(TestInvoker.java:598)
at org.testng.internal.TestInvoker.invokeTestMethod(TestInvoker.java:173)
at org.testng.internal.MethodRunner.runInSequence(MethodRunner.java:46)
at org.testng.internal.TestInvoker$MethodInvocationAgent.invoke(TestInvoker.java:824)
at org.testng.internal.TestInvoker.invokeTestMethods(TestInvoker.java:146)
at org.testng.internal.TestMethodWorker.invokeTestMethods(TestMethodWorker.java:146)
at org.testng.internal.TestMethodWorker.run(TestMethodWorker.java:128)
at java.base/java.util.ArrayList.forEach(ArrayList.java:1541)
at org.testng.TestRunner.privateRun(TestRunner.java:794)
at org.testng.TestRunner.run(TestRunner.java:596)
at org.testng.SuiteRunner.runTest(SuiteRunner.java:377)
at org.testng.SuiteRunner.runSequentially(SuiteRunner.java:371)
at org.testng.SuiteRunner.privateRun(SuiteRunner.java:332)
at org.testng.SuiteRunner.run(SuiteRunner.java:276)
at org.testng.SuiteRunnerWorker.runSuite(SuiteRunnerWorker.java:53)
at org.testng.SuiteRunnerWorker.run(SuiteRunnerWorker.java:96)
at org.testng.TestNG.runSuitesSequentially(TestNG.java:1212)
at org.testng.TestNG.runSuitesLocally(TestNG.java:1134)
at org.testng.TestNG.runSuites(TestNG.java:1063)
at org.testng.TestNG.run(TestNG.java:1031)
at org.testng.remote.AbstractRemoteTestNG.run(AbstractRemoteTestNG.java:115)
at org.testng.remote.RemoteTestNG.initAndRun(RemoteTestNG.java:251)
at org.testng.remote.RemoteTestNG.main(RemoteTestNG.java:77)
]]>
            </full-stacktrace>
          </exception> <!-- java.lang.AssertionError -->
          <reporter-output>
          </reporter-output>
        </test-method> <!-- pieChartVisiblity -->
        <test-method is-config="true" signature="screenshot(org.testng.ITestResult)[pri:0, instance:ictacademyofficial.Pages.usrAdminDashboard@581ac8a8]" started-at="2022-03-01T13:08:28 IST" name="screenshot" finished-at="2022-03-01T13:08:28 IST" duration-ms="416" status="PASS">
          <params>
            <param index="0">
              <value>
                <![CDATA[[TestResult name=pieChartVisiblity status=FAILURE method=usrAdminDashboard.pieChartVisiblity()[pri:3, instance:ictacademyofficial.Pages.usrAdminDashboard@581ac8a8] output={null}]]]>
              </value>
            </param>
          </params>
          <reporter-output>
          </reporter-output>
        </test-method> <!-- screenshot -->
        <test-method is-config="true" signature="quitBrowser()[pri:0, instance:ictacademyofficial.Pages.usrAdminDashboard@581ac8a8]" started-at="2022-03-01T13:08:28 IST" name="quitBrowser" finished-at="2022-03-01T13:08:39 IST" duration-ms="10806" status="PASS">
          <reporter-output>
          </reporter-output>
        </test-method> <!-- quitBrowser -->
      </class> <!-- ictacademyofficial.Pages.usrAdminDashboard -->
    </test> <!-- Default test -->
  </suite> <!-- Default suite -->
</testng-results>
