<?xml version="1.0" encoding="UTF-8"?>
<!-- Generated by org.testng.reporters.JUnitXMLReporter -->
<testsuite ignored="0" hostname="LAPTOP-MDVV23RL" failures="0" tests="1" name="Test" time="12.886" errors="0" timestamp="2022-02-21T22:02:34 IST">
  <testcase classname="StepDefinition.LoginSteps" name="@AfterMethod user_enters_username_and_password" time="-1.645461154165E9">
    <failure type="org.testng.TestNGException" message="
Can inject only one of &amp;lt;ITestContext, XmlTest, Method, Object[], ITestResult&amp;gt; into a @AfterMethod annotated user_enters_username_and_password.
For more information on native dependency injection please refer to https://testng.org/doc/documentation-main.html#native-dependency-injection">
      <![CDATA[org.testng.TestNGException: 
Can inject only one of <ITestContext, XmlTest, Method, Object[], ITestResult> into a @AfterMethod annotated user_enters_username_and_password.
For more information on native dependency injection please refer to https://testng.org/doc/documentation-main.html#native-dependency-injection
at java.base/java.util.ArrayList.forEach(ArrayList.java:1541)
... Removed 29 stack frames]]>
    </failure>
  </testcase> <!-- @AfterMethod user_enters_username_and_password -->
  <testcase classname="StepDefinition.LoginSteps" name="user_clicks_on_login_button" time="0.307"/>
</testsuite> <!-- Test -->
